<?xml version="1.0" encoding="UTF-8"?>
<!-- Generated by org.testng.reporters.JUnitReportReporter -->
<testsuite skipped="0" hostname="DESKTOP-5OQL5T2" name="testNG.TestData" tests="5" failures="0" timestamp="20 Jun 2022 14:03:05 GMT" time="0.034" errors="0">
  <testcase name="test" time="0.004" classname="testNG.TestData"/>
  <testcase name="test" time="0.018" classname="testNG.TestData"/>
  <testcase name="test" time="0.002" classname="testNG.TestData"/>
  <testcase name="test" time="0.007" classname="testNG.TestData"/>
  <testcase name="test" time="0.003" classname="testNG.TestData"/>
</testsuite> <!-- testNG.TestData -->
