<?xml version="1.0" encoding="UTF-8"?>
<!-- Generated by org.testng.reporters.JUnitReportReporter -->
<testsuite skipped="0" hostname="DESKTOP-5OQL5T2" name="testNG.Basic" tests="3" failures="0" timestamp="20 Jun 2022 13:58:41 GMT" time="0.031" errors="0">
  <testcase name="method3" time="0.024" classname="testNG.Basic"/>
  <testcase name="method2" time="0.003" classname="testNG.Basic"/>
  <testcase name="method1" time="0.004" classname="testNG.Basic"/>
</testsuite> <!-- testNG.Basic -->
