<?xml version="1.0" encoding="UTF-8"?>
<!-- Generated by org.testng.reporters.JUnitReportReporter -->
<testsuite skipped="0" hostname="DESKTOP-5OQL5T2" name="testNG.group" tests="3" failures="0" timestamp="20 Jun 2022 14:01:16 GMT" time="0.028" errors="0">
  <testcase name="method2" time="0.023" classname="testNG.group"/>
  <testcase name="method3" time="0.002" classname="testNG.group"/>
  <testcase name="method1" time="0.003" classname="testNG.group"/>
</testsuite> <!-- testNG.group -->
